Mon Oct 05 2020 20:21:45 GMT+0300 (Moscow Standard Time) Status:	404 Description: Not FoundGET	
Mon Oct 05 2020 20:21:54 GMT+0300 (Moscow Standard Time) Status:	404 Description: Not FoundGET	
Mon Oct 05 2020 20:22:02 GMT+0300 (Moscow Standard Time) Status:	403 Description: You're not logged in!GET	
Mon Oct 05 2020 20:22:04 GMT+0300 (Moscow Standard Time) Status:	403 Description: You're not logged in!GET	
Mon Oct 05 2020 20:23:26 GMT+0300 (Moscow Standard Time) Status:	403 Description: You're not logged in!GET	
Mon Oct 05 2020 20:59:13 GMT+0300 (Moscow Standard Time) Status:	404 Description: Not FoundGET	
Mon Oct 05 2020 20:59:16 GMT+0300 (Moscow Standard Time) Status:	404 Description: Not FoundPOST	
Mon Oct 05 2020 21:00:26 GMT+0300 (Moscow Standard Time) Status:	404 Description: Not FoundGET	
Mon Oct 05 2020 21:00:54 GMT+0300 (Moscow Standard Time) Status:	404 Description: Not FoundPOST	
Mon Oct 05 2020 21:01:00 GMT+0300 (Moscow Standard Time) Status:	404 Description: Not FoundPOST	
Mon Oct 05 2020 21:01:04 GMT+0300 (Moscow Standard Time) Status:	404 Description: Not FoundGET	
Mon Oct 05 2020 21:01:15 GMT+0300 (Moscow Standard Time) Status:	403 Description: You're not logged in!GET	
Mon Oct 05 2020 21:01:19 GMT+0300 (Moscow Standard Time) Status:	404 Description: Not FoundGET	
Mon Oct 05 2020 21:01:25 GMT+0300 (Moscow Standard Time) Status:	404 Description: Not FoundPOST	
Mon Oct 05 2020 21:01:48 GMT+0300 (Moscow Standard Time) Status:	404 Description: Not FoundGET	
Mon Oct 05 2020 21:03:48 GMT+0300 (Moscow Standard Time) Status:	404 Description: Not FoundGET	
Mon Oct 05 2020 21:05:32 GMT+0300 (Moscow Standard Time) Status:	404 Description: Not FoundGET	
Mon Oct 05 2020 21:05:36 GMT+0300 (Moscow Standard Time) Status:	404 Description: Not FoundGET	
Mon Oct 05 2020 21:07:36 GMT+0300 (Moscow Standard Time) Status:	404 Description: Not FoundGET	
Mon Oct 05 2020 21:09:11 GMT+0300 (Moscow Standard Time) Status:	404 Description: Not FoundGET	
Mon Oct 05 2020 21:09:14 GMT+0300 (Moscow Standard Time) Status:	404 Description: Not FoundPOST	
Mon Oct 05 2020 21:10:26 GMT+0300 (Moscow Standard Time) Status:	404 Description: Not FoundGET	
Mon Oct 05 2020 21:10:30 GMT+0300 (Moscow Standard Time) Status:	404 Description: Not FoundPOST	
Mon Oct 05 2020 21:10:34 GMT+0300 (Moscow Standard Time) Status:	404 Description: Not FoundGET	
Mon Oct 05 2020 21:11:15 GMT+0300 (Moscow Standard Time) Status:	404 Description: Not FoundGET	
Mon Oct 05 2020 21:11:18 GMT+0300 (Moscow Standard Time) Status:	404 Description: Not FoundPOST	
Mon Oct 05 2020 21:11:34 GMT+0300 (Moscow Standard Time) Status:	404 Description: Not FoundPOST	
Mon Oct 05 2020 21:11:42 GMT+0300 (Moscow Standard Time) Status:	404 Description: Not FoundGET	
Mon Oct 05 2020 21:13:42 GMT+0300 (Moscow Standard Time) Status:	404 Description: Not FoundGET	
Mon Oct 05 2020 21:15:42 GMT+0300 (Moscow Standard Time) Status:	404 Description: Not FoundGET	
Mon Oct 05 2020 21:17:42 GMT+0300 (Moscow Standard Time) Status:	404 Description: Not FoundGET	
Mon Oct 05 2020 21:19:42 GMT+0300 (Moscow Standard Time) Status:	404 Description: Not FoundGET	
Mon Oct 05 2020 21:21:42 GMT+0300 (Moscow Standard Time) Status:	404 Description: Not FoundGET	
Mon Oct 05 2020 21:29:26 GMT+0300 (Moscow Standard Time) Status:	404 Description: Not FoundPOST	
Mon Oct 05 2020 21:29:39 GMT+0300 (Moscow Standard Time) Status:	404 Description: Not FoundPOST	
Mon Oct 05 2020 21:30:13 GMT+0300 (Moscow Standard Time) Status:	403 Description: You're not logged in!GET	
Mon Oct 05 2020 21:31:54 GMT+0300 (Moscow Standard Time) At: /Task1 Status:	403 Description: You're not logged in!GET	
Tue Oct 06 2020 11:32:55 GMT+0300 (Moscow Standard Time) At: /logged Status:	404 Description: Not FoundPOST	
Tue Oct 06 2020 11:33:03 GMT+0300 (Moscow Standard Time) At: /task1 Status:	403 Description: You're not logged in!GET	
Tue Oct 06 2020 11:33:18 GMT+0300 (Moscow Standard Time) At: /task1 Status:	403 Description: You're not logged in!GET	
Tue Oct 06 2020 11:53:01 GMT+0300 (Moscow Standard Time) At: /task?code=yes.&str=wef Status:	404 Description: Not FoundGET	
Tue Oct 06 2020 11:54:13 GMT+0300 (Moscow Standard Time) At: /task?code=yes.&str=sdge Status:	404 Description: Not FoundGET	
Tue Oct 06 2020 11:56:33 GMT+0300 (Moscow Standard Time) At: /auth Status:	undefined Description: Failed to lookup view "auth" in views directory "views"GET	
Tue Oct 06 2020 11:56:34 GMT+0300 (Moscow Standard Time) At: /task2?code=2&str=yes. Status:	403 Description: You're not logged in!GET	
Tue Oct 06 2020 11:58:34 GMT+0300 (Moscow Standard Time) At: /task2?code=2&str=yes. Status:	403 Description: You're not logged in!GET	
Tue Oct 06 2020 11:59:03 GMT+0300 (Moscow Standard Time) At: /task2?code=2&str=yes. Status:	403 Description: You're not logged in!GET	
Tue Oct 06 2020 11:59:27 GMT+0300 (Moscow Standard Time) At: /task2?code=2 Status:	403 Description: You're not logged in!GET	
Tue Oct 06 2020 12:00:05 GMT+0300 (Moscow Standard Time) At: /auth Status:	undefined Description: Failed to lookup view "auth" in views directory "views"GET	
Tue Oct 06 2020 12:02:05 GMT+0300 (Moscow Standard Time) At: /auth Status:	undefined Description: Failed to lookup view "auth" in views directory "views"GET	
Tue Oct 06 2020 12:04:05 GMT+0300 (Moscow Standard Time) At: /auth Status:	undefined Description: Failed to lookup view "auth" in views directory "views"GET	
Tue Oct 06 2020 12:06:05 GMT+0300 (Moscow Standard Time) At: /auth Status:	undefined Description: Failed to lookup view "auth" in views directory "views"GET	
Tue Oct 06 2020 12:08:05 GMT+0300 (Moscow Standard Time) At: /auth Status:	undefined Description: Failed to lookup view "auth" in views directory "views"GET	
Tue Oct 06 2020 12:10:05 GMT+0300 (Moscow Standard Time) At: /auth Status:	undefined Description: Failed to lookup view "auth" in views directory "views"GET	
Tue Oct 06 2020 12:12:05 GMT+0300 (Moscow Standard Time) At: /auth Status:	undefined Description: Failed to lookup view "auth" in views directory "views"GET	
Tue Oct 06 2020 12:14:05 GMT+0300 (Moscow Standard Time) At: /auth Status:	undefined Description: Failed to lookup view "auth" in views directory "views"GET	
Tue Oct 06 2020 12:21:29 GMT+0300 (Moscow Standard Time) At: /auth Status:	404 Description: Not FoundGET	
Tue Oct 06 2020 12:22:01 GMT+0300 (Moscow Standard Time) At: /%E2%80%9Dimages/chill.jpg%E2%80%9D Status:	404 Description: Not FoundGET	
Tue Oct 06 2020 12:22:02 GMT+0300 (Moscow Standard Time) At: /%E2%80%9Dimages/chill.jpg%E2%80%9D Status:	404 Description: Not FoundGET	
Tue Oct 06 2020 12:22:08 GMT+0300 (Moscow Standard Time) At: /auth Status:	404 Description: Not FoundGET	
Tue Oct 06 2020 12:22:09 GMT+0300 (Moscow Standard Time) At: /auth Status:	404 Description: Not FoundGET	
Tue Oct 06 2020 12:22:13 GMT+0300 (Moscow Standard Time) At: /%E2%80%9Dimages/chill.jpg%E2%80%9D Status:	404 Description: Not FoundGET	
Tue Oct 06 2020 12:23:39 GMT+0300 (Moscow Standard Time) At: /%E2%80%9Dimages/chill.jpg%E2%80%9D Status:	404 Description: Not FoundGET	
Tue Oct 06 2020 12:24:10 GMT+0300 (Moscow Standard Time) At: /%E2%80%9Dpublic/images/chill.jpg%E2%80%9D Status:	404 Description: Not FoundGET	
Tue Oct 06 2020 12:24:15 GMT+0300 (Moscow Standard Time) At: /%E2%80%9Dpublic/images/chill.jpg%E2%80%9D Status:	404 Description: Not FoundGET	
Tue Oct 06 2020 12:26:15 GMT+0300 (Moscow Standard Time) At: /%E2%80%9Dpublic/images/chill.jpg%E2%80%9D Status:	404 Description: Not FoundGET	
Tue Oct 06 2020 12:28:15 GMT+0300 (Moscow Standard Time) At: /%E2%80%9Dpublic/images/chill.jpg%E2%80%9D Status:	404 Description: Not FoundGET	
Tue Oct 06 2020 12:41:01 GMT+0300 (Moscow Standard Time) At: /%E2%80%9Dpublic/images/workTime.jpg%E2%80%9D Status:	404 Description: Not FoundGET	
Tue Oct 06 2020 12:41:33 GMT+0300 (Moscow Standard Time) At: /%E2%80%9Dpublic/images/workTime.jpg%E2%80%9D Status:	404 Description: Not FoundGET	
Tue Oct 06 2020 12:42:06 GMT+0300 (Moscow Standard Time) At: /%E2%80%9Dpublic/images/workTime.jpg%E2%80%9D Status:	404 Description: Not FoundGET	
Tue Oct 06 2020 12:42:08 GMT+0300 (Moscow Standard Time) At: /auth Status:	404 Description: Not FoundGET	
Tue Oct 06 2020 12:42:09 GMT+0300 (Moscow Standard Time) At: /auth Status:	404 Description: Not FoundGET	
Tue Oct 06 2020 12:43:09 GMT+0300 (Moscow Standard Time) At: /auth Status:	404 Description: Not FoundGET	
Tue Oct 06 2020 12:43:15 GMT+0300 (Moscow Standard Time) At: /auth Status:	404 Description: Not FoundGET	
Tue Oct 06 2020 12:43:17 GMT+0300 (Moscow Standard Time) At: /auth Status:	404 Description: Not FoundGET	
Tue Oct 06 2020 12:43:17 GMT+0300 (Moscow Standard Time) At: /auth Status:	404 Description: Not FoundGET	
Tue Oct 06 2020 12:45:17 GMT+0300 (Moscow Standard Time) At: /auth Status:	404 Description: Not FoundGET	
Tue Oct 06 2020 12:47:17 GMT+0300 (Moscow Standard Time) At: /auth Status:	404 Description: Not FoundGET	
Tue Oct 06 2020 12:49:17 GMT+0300 (Moscow Standard Time) At: /auth Status:	404 Description: Not FoundGET	
Tue Oct 06 2020 12:51:17 GMT+0300 (Moscow Standard Time) At: /auth Status:	404 Description: Not FoundGET	
Tue Oct 06 2020 12:53:17 GMT+0300 (Moscow Standard Time) At: /auth Status:	404 Description: Not FoundGET	
Tue Oct 06 2020 12:55:17 GMT+0300 (Moscow Standard Time) At: /auth Status:	404 Description: Not FoundGET	
Tue Oct 06 2020 12:57:17 GMT+0300 (Moscow Standard Time) At: /auth Status:	404 Description: Not FoundGET	
Tue Oct 06 2020 12:59:17 GMT+0300 (Moscow Standard Time) At: /auth Status:	404 Description: Not FoundGET	
Tue Oct 06 2020 13:01:17 GMT+0300 (Moscow Standard Time) At: /auth Status:	404 Description: Not FoundGET	
Tue Oct 06 2020 13:39:04 GMT+0300 (Moscow Standard Time) At: /auth Status:	404 Description: Not FoundGET	
Tue Oct 06 2020 13:39:50 GMT+0300 (Moscow Standard Time) At: /auth Status:	404 Description: Not FoundGET	
Tue Oct 06 2020 13:39:51 GMT+0300 (Moscow Standard Time) At: /auth Status:	404 Description: Not FoundGET	
Tue Oct 06 2020 13:39:52 GMT+0300 (Moscow Standard Time) At: /auth Status:	404 Description: Not FoundGET	
Tue Oct 06 2020 13:41:32 GMT+0300 (Moscow Standard Time) At: /task1?str=12.12.20 Status:	undefined Description: Day is not definedGET	
Tue Oct 06 2020 13:41:32 GMT+0300 (Moscow Standard Time) At: /%E2%80%9Dpublic/images/chill.jpg%E2%80%9D Status:	404 Description: Not FoundGET	
Tue Oct 06 2020 13:46:14 GMT+0300 (Moscow Standard Time) At: /task1?str=21.10.19 Status:	undefined Description: Cannot set headers after they are sent to the clientGET	
Tue Oct 06 2020 13:47:43 GMT+0300 (Moscow Standard Time) At: /task2?code=no&str=dfgkj+y+glkh+gfuyg Status:	403 Description: You're not logged in!GET	
Tue Oct 06 2020 14:22:08 GMT+0300 (Moscow Standard Time) At: /%E2%80%9Dpublic/images/chill.jpg%E2%80%9D Status:	404 Description: Not FoundGET	
Tue Oct 06 2020 14:23:01 GMT+0300 (Moscow Standard Time) At: /%E2%80%9Dpublic/images/chill.jpg%E2%80%9D Status:	404 Description: Not FoundGET	
Tue Oct 06 2020 14:23:34 GMT+0300 (Moscow Standard Time) At: /%E2%80%9Dimages/chill.jpg%E2%80%9D Status:	404 Description: Not FoundGET	
Tue Oct 06 2020 14:36:31 GMT+0300 (Moscow Standard Time) At: /task2?code=yes.&str=isgkuhsdrk+jhsdlrjghsldrjh+rdoiyghdtoy%3Bdrjd%3Brjh Status:	undefined Description: goFindLongestWord is not a functionGET	
Tue Oct 06 2020 14:50:45 GMT+0300 (Moscow Standard Time) At: /task3?code=yes.&str=2000 Status:	undefined Description: ms is not definedGET	
Tue Oct 13 2020 14:05:32 GMT+0300 (Moscow Standard Time) At: /favicon.ico Status:	404 Description: Not FoundGET	
Tue Oct 13 2020 14:09:09 GMT+0300 (Moscow Standard Time) At: /task3?code=yes.&str=2000 Status:	undefined Description: await is not definedGET	
Tue Oct 13 2020 14:09:21 GMT+0300 (Moscow Standard Time) At: /task3?code=yes.&str=40000 Status:	undefined Description: await is not definedGET	
Tue Oct 13 2020 14:09:30 GMT+0300 (Moscow Standard Time) At: /task3?code=yes.&str=4000 Status:	undefined Description: await is not definedGET	
Tue Oct 13 2020 14:09:48 GMT+0300 (Moscow Standard Time) At: /task3?code=yes.&str=1000 Status:	undefined Description: await is not definedGET	
Tue Oct 13 2020 14:10:02 GMT+0300 (Moscow Standard Time) At: /task3?code=yes.&str=1000 Status:	undefined Description: await is not definedGET	
Tue Oct 13 2020 14:19:51 GMT+0300 (Moscow Standard Time) At: /public/images/workTime.jpg Status:	404 Description: Not FoundGET	
Tue Oct 13 2020 14:21:51 GMT+0300 (Moscow Standard Time) At: /public/images/workTime.jpg Status:	404 Description: Not FoundGET	
Tue Oct 13 2020 14:23:51 GMT+0300 (Moscow Standard Time) At: /public/images/workTime.jpg Status:	404 Description: Not FoundGET	
Tue Oct 13 2020 14:25:51 GMT+0300 (Moscow Standard Time) At: /public/images/workTime.jpg Status:	404 Description: Not FoundGET	
Tue Oct 13 2020 14:27:51 GMT+0300 (Moscow Standard Time) At: /public/images/workTime.jpg Status:	404 Description: Not FoundGET	
Tue Oct 13 2020 14:29:58 GMT+0300 (Moscow Standard Time) At: /public/images/workTime.jpg Status:	404 Description: Not FoundGET	
Tue Oct 13 2020 14:31:59 GMT+0300 (Moscow Standard Time) At: /public/images/workTime.jpg Status:	404 Description: Not FoundGET	
Tue Oct 13 2020 14:33:59 GMT+0300 (Moscow Standard Time) At: /public/images/workTime.jpg Status:	404 Description: Not FoundGET	
Tue Oct 13 2020 14:35:17 GMT+0300 (Moscow Standard Time) At: /public/images/workTime.jpg Status:	404 Description: Not FoundGET	
Tue Oct 13 2020 14:35:30 GMT+0300 (Moscow Standard Time) At: /public/images/workTime.jpg Status:	404 Description: Not FoundGET	
Tue Oct 13 2020 14:37:30 GMT+0300 (Moscow Standard Time) At: /public/images/workTime.jpg Status:	404 Description: Not FoundGET	
Tue Oct 13 2020 14:39:18 GMT+0300 (Moscow Standard Time) At: /workTime.jpg Status:	404 Description: Not FoundGET	
Tue Oct 13 2020 14:41:18 GMT+0300 (Moscow Standard Time) At: /workTime.jpg Status:	404 Description: Not FoundGET	
Tue Oct 13 2020 14:43:18 GMT+0300 (Moscow Standard Time) At: /workTime.jpg Status:	404 Description: Not FoundGET	
Mon Oct 19 2020 14:26:25 GMT+0300 (Moscow Standard Time) At: /favicon.ico Status:	404 Description: Not FoundGET	
Mon Oct 19 2020 14:26:27 GMT+0300 (Moscow Standard Time) At: /favicon.ico Status:	404 Description: Not FoundGET	
Mon Oct 19 2020 14:26:31 GMT+0300 (Moscow Standard Time) At: /favicon.ico Status:	404 Description: Not FoundGET	
Mon Oct 19 2020 14:26:54 GMT+0300 (Moscow Standard Time) At: /favicon.ico Status:	404 Description: Not FoundGET	
Mon Oct 19 2020 19:30:15 GMT+0300 (Moscow Standard Time) At: /favicon.ico Status:	404 Description: Not FoundGET	
Mon Oct 19 2020 19:32:15 GMT+0300 (Moscow Standard Time) At: /favicon.ico Status:	404 Description: Not FoundGET	
Tue Oct 20 2020 12:30:21 GMT+0300 (Moscow Standard Time) At: /favicon.ico Status:	404 Description: Not FoundGET	
Tue Oct 20 2020 12:32:21 GMT+0300 (Moscow Standard Time) At: /favicon.ico Status:	404 Description: Not FoundGET	
Tue Oct 20 2020 12:33:19 GMT+0300 (Moscow Standard Time) At: /public/stylesheets/style.css Status:	404 Description: Not FoundGET	
Tue Oct 20 2020 12:33:35 GMT+0300 (Moscow Standard Time) At: /index.css Status:	404 Description: Not FoundGET	
Tue Oct 20 2020 12:36:03 GMT+0300 (Moscow Standard Time) At: /favicon.ico Status:	404 Description: Not FoundGET	
Tue Oct 20 2020 12:36:05 GMT+0300 (Moscow Standard Time) At: /favicon.ico Status:	404 Description: Not FoundGET	
Tue Oct 20 2020 12:36:10 GMT+0300 (Moscow Standard Time) At: /favicon.ico Status:	404 Description: Not FoundGET	
Tue Oct 20 2020 12:36:11 GMT+0300 (Moscow Standard Time) At: /favicon.ico Status:	404 Description: Not FoundGET	
Tue Oct 20 2020 12:36:16 GMT+0300 (Moscow Standard Time) At: /favicon.ico Status:	404 Description: Not FoundGET	
Tue Oct 20 2020 12:36:46 GMT+0300 (Moscow Standard Time) At: /favicon.ico Status:	404 Description: Not FoundGET	
Tue Oct 20 2020 12:36:48 GMT+0300 (Moscow Standard Time) At: /favicon.ico Status:	404 Description: Not FoundGET	
Tue Oct 20 2020 12:36:52 GMT+0300 (Moscow Standard Time) At: /favicon.ico Status:	404 Description: Not FoundGET	
Tue Oct 20 2020 12:36:54 GMT+0300 (Moscow Standard Time) At: /favicon.ico Status:	404 Description: Not FoundGET	
Tue Oct 20 2020 12:36:55 GMT+0300 (Moscow Standard Time) At: /favicon.ico Status:	404 Description: Not FoundGET	
Tue Oct 20 2020 12:36:56 GMT+0300 (Moscow Standard Time) At: /favicon.ico Status:	404 Description: Not FoundGET	
Tue Oct 20 2020 12:38:23 GMT+0300 (Moscow Standard Time) At: /favicon.ico Status:	404 Description: Not FoundGET	
Tue Oct 20 2020 12:38:24 GMT+0300 (Moscow Standard Time) At: /favicon.ico Status:	404 Description: Not FoundGET	
Tue Oct 20 2020 12:38:26 GMT+0300 (Moscow Standard Time) At: /favicon.ico Status:	404 Description: Not FoundGET	
Tue Oct 20 2020 12:38:27 GMT+0300 (Moscow Standard Time) At: /favicon.ico Status:	404 Description: Not FoundGET	
Tue Oct 20 2020 12:38:28 GMT+0300 (Moscow Standard Time) At: /favicon.ico Status:	404 Description: Not FoundGET	
Tue Oct 20 2020 12:40:00 GMT+0300 (Moscow Standard Time) At: /favicon.ico Status:	404 Description: Not FoundGET	
Tue Oct 20 2020 12:40:02 GMT+0300 (Moscow Standard Time) At: /favicon.ico Status:	404 Description: Not FoundGET	
Tue Oct 20 2020 12:40:04 GMT+0300 (Moscow Standard Time) At: /favicon.ico Status:	404 Description: Not FoundGET	
Tue Oct 20 2020 12:40:05 GMT+0300 (Moscow Standard Time) At: /favicon.ico Status:	404 Description: Not FoundGET	
Tue Oct 20 2020 12:40:06 GMT+0300 (Moscow Standard Time) At: /favicon.ico Status:	404 Description: Not FoundGET	
Tue Oct 20 2020 12:40:07 GMT+0300 (Moscow Standard Time) At: /favicon.ico Status:	404 Description: Not FoundGET	
Tue Oct 20 2020 12:40:31 GMT+0300 (Moscow Standard Time) At: /favicon.ico Status:	404 Description: Not FoundGET	
Tue Oct 20 2020 12:40:35 GMT+0300 (Moscow Standard Time) At: /favicon.ico Status:	404 Description: Not FoundGET	
Tue Oct 20 2020 12:40:50 GMT+0300 (Moscow Standard Time) At: /favicon.ico Status:	404 Description: Not FoundGET	
Tue Oct 20 2020 12:40:54 GMT+0300 (Moscow Standard Time) At: /favicon.ico Status:	404 Description: Not FoundGET	
Tue Oct 20 2020 12:42:54 GMT+0300 (Moscow Standard Time) At: /favicon.ico Status:	404 Description: Not FoundGET	
Tue Oct 20 2020 12:43:28 GMT+0300 (Moscow Standard Time) At: /favicon.ico Status:	404 Description: Not FoundGET	
Tue Oct 20 2020 12:43:30 GMT+0300 (Moscow Standard Time) At: /favicon.ico Status:	404 Description: Not FoundGET	
Tue Oct 20 2020 12:43:31 GMT+0300 (Moscow Standard Time) At: /favicon.ico Status:	404 Description: Not FoundGET	
Tue Oct 20 2020 12:43:32 GMT+0300 (Moscow Standard Time) At: /favicon.ico Status:	404 Description: Not FoundGET	
Tue Oct 20 2020 12:43:34 GMT+0300 (Moscow Standard Time) At: /favicon.ico Status:	404 Description: Not FoundGET	
Tue Oct 20 2020 12:43:34 GMT+0300 (Moscow Standard Time) At: /favicon.ico Status:	404 Description: Not FoundGET	
Tue Oct 20 2020 12:43:35 GMT+0300 (Moscow Standard Time) At: /favicon.ico Status:	404 Description: Not FoundGET	
Tue Oct 20 2020 12:43:37 GMT+0300 (Moscow Standard Time) At: /favicon.ico Status:	404 Description: Not FoundGET	
Tue Oct 20 2020 12:43:38 GMT+0300 (Moscow Standard Time) At: /favicon.ico Status:	404 Description: Not FoundGET	
Tue Oct 20 2020 12:43:39 GMT+0300 (Moscow Standard Time) At: /favicon.ico Status:	404 Description: Not FoundGET	
Tue Oct 20 2020 12:43:40 GMT+0300 (Moscow Standard Time) At: /favicon.ico Status:	404 Description: Not FoundGET	
Tue Oct 20 2020 12:43:41 GMT+0300 (Moscow Standard Time) At: /favicon.ico Status:	404 Description: Not FoundGET	
Tue Oct 20 2020 12:44:05 GMT+0300 (Moscow Standard Time) At: /favicon.ico Status:	404 Description: Not FoundGET	
Tue Oct 20 2020 13:31:35 GMT+0300 (Moscow Standard Time) At: /favicon.ico Status:	404 Description: Not FoundGET	
Tue Oct 20 2020 13:35:20 GMT+0300 (Moscow Standard Time) At: /favicon.ico Status:	404 Description: Not FoundGET	
Tue Oct 20 2020 13:35:24 GMT+0300 (Moscow Standard Time) At: /favicon.ico Status:	404 Description: Not FoundGET	
Tue Oct 20 2020 13:35:30 GMT+0300 (Moscow Standard Time) At: /favicon.ico Status:	404 Description: Not FoundGET	
Tue Oct 20 2020 13:35:44 GMT+0300 (Moscow Standard Time) At: /favicon.ico Status:	404 Description: Not FoundGET	
Tue Oct 20 2020 13:35:52 GMT+0300 (Moscow Standard Time) At: /favicon.ico Status:	404 Description: Not FoundGET	
Tue Oct 20 2020 13:36:09 GMT+0300 (Moscow Standard Time) At: /favicon.ico Status:	404 Description: Not FoundGET	
Tue Oct 20 2020 13:36:29 GMT+0300 (Moscow Standard Time) At: /favicon.ico Status:	404 Description: Not FoundGET	
Tue Oct 20 2020 13:36:37 GMT+0300 (Moscow Standard Time) At: /favicon.ico Status:	404 Description: Not FoundGET	
Tue Oct 20 2020 13:36:41 GMT+0300 (Moscow Standard Time) At: /favicon.ico Status:	404 Description: Not FoundGET	
Tue Oct 20 2020 13:36:50 GMT+0300 (Moscow Standard Time) At: /favicon.ico Status:	404 Description: Not FoundGET	
Tue Oct 20 2020 13:37:11 GMT+0300 (Moscow Standard Time) At: /favicon.ico Status:	404 Description: Not FoundGET	
Tue Oct 20 2020 13:39:11 GMT+0300 (Moscow Standard Time) At: /favicon.ico Status:	404 Description: Not FoundGET	
Tue Oct 20 2020 13:40:22 GMT+0300 (Moscow Standard Time) At: /favicon.ico Status:	404 Description: Not FoundGET	
Tue Oct 20 2020 13:40:28 GMT+0300 (Moscow Standard Time) At: /favicon.ico Status:	404 Description: Not FoundGET	
Tue Oct 20 2020 13:41:00 GMT+0300 (Moscow Standard Time) At: /favicon.ico Status:	404 Description: Not FoundGET	
Tue Oct 20 2020 13:41:23 GMT+0300 (Moscow Standard Time) At: /favicon.ico Status:	404 Description: Not FoundGET	
Tue Oct 20 2020 13:41:40 GMT+0300 (Moscow Standard Time) At: /favicon.ico Status:	404 Description: Not FoundGET	
Tue Oct 20 2020 13:42:02 GMT+0300 (Moscow Standard Time) At: /favicon.ico Status:	404 Description: Not FoundGET	
Tue Oct 20 2020 13:42:12 GMT+0300 (Moscow Standard Time) At: /favicon.ico Status:	404 Description: Not FoundGET	
Tue Oct 20 2020 13:42:21 GMT+0300 (Moscow Standard Time) At: /favicon.ico Status:	404 Description: Not FoundGET	
Tue Oct 20 2020 13:44:21 GMT+0300 (Moscow Standard Time) At: /favicon.ico Status:	404 Description: Not FoundGET	
